Handbrake Version: 1.3.1 (2020032300)
[18:16:23] gtkgui: Preset: /General/Fast 1080p30
[18:16:23] Starting work at: Fri Sep  4 18:16:23 2020

[18:16:23] 1 job(s) to process
[18:16:23] json job:
{
    "Audio": {
        "AudioList": [],
        "CopyMask": [],
        "FallbackEncoder": 0
    },
    "Destination": {
        "AlignAVStart": true,
        "ChapterList": [
            {
                "Duration": {
                    "Hours": 0,
                    "Minutes": 0,
                    "Seconds": 3,
                    "Ticks": 299999
                },
                "Name": ""
            }
        ],
        "ChapterMarkers": false,
        "File": "/home/incspn/Videos/neural_network_3d (1).m4v",
        "InlineParameterSets": false,
        "Mp4Options": {
            "IpodAtom": false,
            "Mp4Optimize": false
        },
        "Mux": "m4v"
    },
    "Filters": {
        "FilterList": [
            {
                "ID": 3,
                "Settings": {
                    "block-height": "16",
                    "block-thresh": "40",
                    "block-width": "16",
                    "filter-mode": "2",
                    "mode": "3",
                    "motion-thresh": "1",
                    "spatial-metric": "2",
                    "spatial-thresh": "1"
                }
            },
            {
                "ID": 4,
                "Settings": {
                    "mode": "7"
                }
            },
            {
                "ID": 6,
                "Settings": {
                    "mode": 2,
                    "rate": "27000000/900000"
                }
            },
            {
                "ID": 12,
                "Settings": {
                    "crop-bottom": 18,
                    "crop-left": 22,
                    "crop-right": 22,
                    "crop-top": 20,
                    "height": 362,
                    "width": 356
                }
            }
        ]
    },
    "Metadata": {
        "Name": "neural_network_3d (1)"
    },
    "PAR": {
        "Den": 1,
        "Num": 1
    },
    "SequenceID": 0,
    "Source": {
        "Angle": 0,
        "Path": "/home/incspn/Downloads/neural_network_3d (1).webm",
        "Range": {
            "End": 1,
            "Start": 1,
            "Type": "chapter"
        },
        "Title": 1
    },
    "Subtitle": {
        "Search": {
            "Burn": true,
            "Default": false,
            "Enable": false,
            "Forced": false
        },
        "SubtitleList": []
    },
    "Video": {
        "ColorFormat": 0,
        "ColorMatrix": 5,
        "ColorPrimaries": 6,
        "ColorRange": 1,
        "ColorTransfer": 1,
        "Encoder": "x264",
        "Level": "4.0",
        "Options": "",
        "Preset": "fast",
        "Profile": "main",
        "QSV": {
            "AsyncDepth": 4,
            "Decode": false
        },
        "Quality": 22.0,
        "Tune": "",
        "Turbo": false,
        "TwoPass": false
    }
}
[18:16:23] CPU: 
[18:16:23]  - logical processor count: 8
[18:16:23] hb_scan: path=/home/incspn/Downloads/neural_network_3d (1).webm, title_index=1
udfread ERROR: ECMA 167 Volume Recognition failed
disc.c:323: failed opening UDF image /home/incspn/Downloads/neural_network_3d (1).webm
disc.c:424: error opening file BDMV/index.bdmv
disc.c:424: error opening file BDMV/BACKUP/index.bdmv
bluray.c:2585: nav_get_title_list(/home/incspn/Downloads/neural_network_3d (1).webm/) failed
[18:16:23] bd: not a bd - trying as a stream/file instead
libdvdnav: Using dvdnav version 6.0.1
libdvdread: Encrypted DVD support unavailable.
************************************************
**                                            **
**  No css library available. See             **
**  /usr/share/doc/libdvdread4/README.css     **
**  for more information.                     **
**                                            **
************************************************
libdvdread:DVDOpenFileUDF:UDFFindFile /VIDEO_TS/VIDEO_TS.IFO failed
libdvdread:DVDOpenFileUDF:UDFFindFile /VIDEO_TS/VIDEO_TS.BUP failed
libdvdread: Can't open file VIDEO_TS.IFO.
libdvdnav: vm: failed to read VIDEO_TS.IFO
[18:16:23] dvd: not a dvd - trying as a stream/file instead
Input #0, matroska,webm, from '/home/incspn/Downloads/neural_network_3d (1).webm':
  Metadata:
    encoder         : whammy
  Duration: 00:00:03.33, start: 0.000000, bitrate: 1420 kb/s
    Stream #0:0: Video: vp8, yuv420p(progressive), 400x400, SAR 1:1 DAR 1:1, 15 fps, 15 tbr, 1k tbn, 1k tbc (default)
[18:16:23] scan: decoding previews for title 1
[18:16:23] scan: 10 previews, 400x400, 15.000 fps, autocrop = 20/18/22/22, aspect 1.00:1, PAR 1:1
[18:16:23] libhb: scan thread found 1 valid title(s)
[18:16:23] Starting Task: Encoding Pass
[18:16:23] job configuration:
[18:16:23]  * source
[18:16:23]    + /home/incspn/Downloads/neural_network_3d (1).webm
[18:16:23]    + title 1, chapter(s) 1 to 1
[18:16:23]    + container: matroska,webm
[18:16:23]    + data rate: 1420 kbps
[18:16:23]  * destination
[18:16:23]    + /home/incspn/Videos/neural_network_3d (1).m4v
[18:16:23]    + container: MPEG-4 (libavformat)
[18:16:23]      + align initial A/V stream timestamps
[18:16:23]  * video track
[18:16:23]    + decoder: vp8
[18:16:23]    + filters
[18:16:23]      + Comb Detect (mode=3:spatial-metric=2:motion-thresh=1:spatial-thresh=1:filter-mode=2:block-thresh=40:block-width=16:block-height=16)
[18:16:23]      + Decomb (mode=39)
[18:16:23]      + Framerate Shaper (mode=2:rate=27000000/900000)
[18:16:23]        + frame rate: 15.000 fps -> peak rate limited to 30.000 fps
[18:16:23]      + Crop and Scale (width=356:height=362:crop-top=20:crop-bottom=18:crop-left=22:crop-right=22)
[18:16:23]        + source: 400 * 400, crop (20/18/22/22): 356 * 362, scale: 356 * 362
[18:16:23]    + Output geometry
[18:16:23]      + storage dimensions: 356 x 362
[18:16:23]      + pixel aspect ratio: 1 : 1
[18:16:23]      + display dimensions: 356 x 362
[18:16:23]    + encoder: H.264 (libx264)
[18:16:23]      + preset:  fast
[18:16:23]      + profile: main
[18:16:23]      + level:   4.0
[18:16:23]      + quality: 22.00 (RF)
[18:16:23]      + color profile: 6-1-5
[18:16:23] sync: expecting 49 video frames
[18:16:23] encx264: min-keyint: 15, keyint: 150
[18:16:23] encx264: encoding at constant RF 22.000000
[18:16:23] encx264: unparsed options: level=4.0:ref=2:8x8dct=0:weightp=1:subme=6:vbv-bufsize=25000:vbv-maxrate=20000:rc-lookahead=30
x264 [info]: using SAR=1/1
x264 [info]: using cpu capabilities: MMX2 SSE2Fast SSSE3 SSE4.2 AVX FMA3 BMI2 AVX2
x264 [info]: profile Main, level 4.0
[18:16:23] sync: first pts video is 0
[18:16:23] sync: Chapter 1 at frame 1 time 0
[18:16:23] reader: done. 1 scr changes
[18:16:23] work: average encoding speed for job is 0.000000 fps
[18:16:24] comb detect: heavy 0 | light 0 | uncombed 50 | total 50
[18:16:24] decomb: deinterlaced 0 | blended 0 | unfiltered 50 | total 50
[18:16:24] vfr: 50 frames output, 0 dropped and 0 duped for CFR/PFR
[18:16:24] vfr: lost time: 0 (0 frames)
[18:16:24] vfr: gained time: 0 (0 frames) (0 not accounted for)
[18:16:24] vp8-decoder done: 50 frames, 0 decoder errors
[18:16:24] sync: got 50 frames, 49 expected
[18:16:24] sync: framerate min 15.000 fps, max 15.000 fps, avg 15.000 fps
x264 [info]: frame I:1     Avg QP:19.35  size: 14995
x264 [info]: frame P:13    Avg QP:21.22  size:  9864
x264 [info]: frame B:36    Avg QP:23.82  size:  3396
x264 [info]: consecutive B-frames:  4.0%  0.0%  0.0% 96.0%
x264 [info]: mb I  I16..4: 24.6%  0.0% 75.4%
x264 [info]: mb P  I16..4:  3.8%  0.0% 19.6%  P16..4: 21.3% 25.9% 14.0%  0.0%  0.0%    skip:15.3%
x264 [info]: mb B  I16..4:  1.3%  0.0%  1.0%  B16..8: 23.0% 19.9%  4.8%  direct:20.5%  skip:29.5%  L0:30.9% L1:32.8% BI:36.3%
x264 [info]: coded y,uvDC,uvAC intra: 73.6% 79.5% 52.8% inter: 29.5% 30.4% 4.5%
x264 [info]: i16 v,h,dc,p: 60% 20% 15%  6%
x264 [info]: i4 v,h,dc,ddl,ddr,vr,hd,vl,hu: 16% 16% 24%  4% 12% 10%  9%  4%  6%
x264 [info]: i8c dc,h,v,p: 61% 15% 19%  5%
x264 [info]: Weighted P-Frames: Y:7.7% UV:0.0%
x264 [info]: ref P L0: 69.6% 30.4%
x264 [info]: ref B L0: 89.9% 10.1%
x264 [info]: ref B L1: 97.2%  2.8%
x264 [info]: kb/s:637.14
[18:16:24] mux: track 0, 50 frames, 265434 bytes, 624.55 kbps, fifo 64
[18:16:24] Finished work at: Fri Sep  4 18:16:24 2020

[18:16:24] libhb: work result = 0
